<?xml version="1.0" encoding="UTF-8"?>
<!-- Generated by org.testng.reporters.JUnitReportReporter -->
<testsuite hostname="DESKTOP-NLFF423" name="DateAndTime.CurrentDate.DemoTest" tests="1" failures="0" timestamp="11 Nov 2019 09:19:18 GMT" time="0.024" errors="0">
  <testcase name="test" time="0.024" classname="DateAndTime.CurrentDate.DemoTest"/>
</testsuite> <!-- DateAndTime.CurrentDate.DemoTest -->
